============================= test session starts ==============================
platform linux -- Python 3.13.14, pytest-9.1.1, pluggy-1.6.0
rootdir: /home/varun/argus
configfile: pyproject.toml
plugins: anyio-4.14.1, cov-7.1.0
collected 310 items / 4 errors

==================================== ERRORS ====================================
___________ ERROR collecting tests/investigation/test_integration.py ___________
import file mismatch:
imported module 'test_integration' has this __file__ attribute:
  /home/varun/argus/tests/correlation/test_integration.py
which is not the same as the test file we want to collect:
  /home/varun/argus/tests/investigation/test_integration.py
HINT: remove __pycache__ / .pyc files and/or use a unique basename for your test file modules
____________ ERROR collecting tests/investigation/test_registry.py _____________
import file mismatch:
imported module 'test_registry' has this __file__ attribute:
  /home/varun/argus/tests/correlation/test_registry.py
which is not the same as the test file we want to collect:
  /home/varun/argus/tests/investigation/test_registry.py
HINT: remove __pycache__ / .pyc files and/or use a unique basename for your test file modules
___________________ ERROR collecting tests/test_business.py ____________________
import file mismatch:
imported module 'test_business' has this __file__ attribute:
  /home/varun/argus/tests/plugins/graphql/test_business.py
which is not the same as the test file we want to collect:
  /home/varun/argus/tests/test_business.py
HINT: remove __pycache__ / .pyc files and/or use a unique basename for your test file modules
_____________________ ERROR collecting tests/test_graph.py _____________________
import file mismatch:
imported module 'test_graph' has this __file__ attribute:
  /home/varun/argus/tests/correlation/test_graph.py
which is not the same as the test file we want to collect:
  /home/varun/argus/tests/test_graph.py
HINT: remove __pycache__ / .pyc files and/or use a unique basename for your test file modules
=============================== warnings summary ===============================
argus/runtime/models.py:167
  /home/varun/argus/argus/runtime/models.py:167: PydanticDeprecatedSince20: Support for class-based `config` is deprecated, use ConfigDict instead. Deprecated in Pydantic V2.0 to be removed in V3.0. See Pydantic V2 Migration Guide at https://errors.pydantic.dev/2.13/migration/
    class ToolExecutionContext(BaseModel):

-- Docs: https://docs.pytest.org/en/stable/how-to/capture-warnings.html
=========================== short test summary info ============================
ERROR tests/investigation/test_integration.py
ERROR tests/investigation/test_registry.py
ERROR tests/test_business.py
ERROR tests/test_graph.py
!!!!!!!!!!!!!!!!!!! Interrupted: 4 errors during collection !!!!!!!!!!!!!!!!!!!!
========================= 1 warning, 4 errors in 5.26s =========================
